1537034388833	geckodriver	INFO	geckodriver 0.21.0
1537034388841	geckodriver	INFO	Listening on 127.0.0.1:64065
1537034389847	mozrunner::runner	INFO	Running command: "/Applications/Firefox.app/Contents/MacOS/firefox-bin" "-marionette" "-foreground" "-no-remote" "-profile" "/var/folders/6_/rkcwv33n5czg4ypmstkx_1mr0000gn/T/rust_mozprofile.3tPJe7LS902O"
2018-09-16 02:59:51.364 plugin-container[33773:17442835] *** CFMessagePort: bootstrap_register(): failed 1100 (0x44c) 'Permission denied', port = 0xa037, name = 'com.apple.tsm.portname'
See /usr/include/servers/bootstrap_defs.h for the error codes.
2018-09-16 02:59:51.600 plugin-container[33774:17442864] *** CFMessagePort: bootstrap_register(): failed 1100 (0x44c) 'Permission denied', port = 0x9c37, name = 'com.apple.tsm.portname'
See /usr/include/servers/bootstrap_defs.h for the error codes.
1537034391874	Marionette	INFO	Listening on port 64076
1537034391952	Marionette	WARN	TLS certificate errors will be ignored for this session
1537034391992	Marionette	DEBUG	[4294967297] Frame script loaded
1537034391993	Marionette	DEBUG	[4294967297] Frame script registered
1537034392006	Marionette	DEBUG	[4294967297] Received DOM event beforeunload for about:blank
1537034392016	Marionette	DEBUG	[4294967297] Received DOM event beforeunload for about:blank
1537034392017	Marionette	DEBUG	[4294967297] Received DOM event pagehide for about:blank
1537034392088	Marionette	DEBUG	[4294967297] Received DOM event DOMContentLoaded for about:neterror?e=connectionFailure&u=http%3A//localhost%3A8080/&c=UTF-8&f=regular&d=localhost%3A8080%20%EC%84%9C%EB%B2%84%EC%99%80%20%EC%97%B0%EA%B2%B0%ED%95%A0%20%EC%88%98%20%EC%97%86%EC%8A%B5%EB%8B%88%EB%8B%A4.
2018-09-16 02:59:52.349 plugin-container[33775:17442996] *** CFMessagePort: bootstrap_register(): failed 1100 (0x44c) 'Permission denied', port = 0x9333, name = 'com.apple.tsm.portname'
See /usr/include/servers/bootstrap_defs.h for the error codes.
1537034879513	geckodriver	INFO	geckodriver 0.21.0
1537034879521	geckodriver	INFO	Listening on 127.0.0.1:64280
1537034880523	mozrunner::runner	INFO	Running command: "/Applications/Firefox.app/Contents/MacOS/firefox-bin" "-marionette" "-foreground" "-no-remote" "-profile" "/var/folders/6_/rkcwv33n5czg4ypmstkx_1mr0000gn/T/rust_mozprofile.k0CCgBmq7j4s"
2018-09-16 03:08:01.941 plugin-container[34254:17462688] *** CFMessagePort: bootstrap_register(): failed 1100 (0x44c) 'Permission denied', port = 0x9e37, name = 'com.apple.tsm.portname'
See /usr/include/servers/bootstrap_defs.h for the error codes.
2018-09-16 03:08:02.134 plugin-container[34255:17462714] *** CFMessagePort: bootstrap_register(): failed 1100 (0x44c) 'Permission denied', port = 0x9937, name = 'com.apple.tsm.portname'
See /usr/include/servers/bootstrap_defs.h for the error codes.
1537034882319	Marionette	INFO	Listening on port 64291
1537034882380	Marionette	WARN	TLS certificate errors will be ignored for this session
1537034882423	Marionette	DEBUG	[4294967297] Frame script loaded
1537034882439	Marionette	DEBUG	[4294967297] Frame script registered
1537034882461	Marionette	DEBUG	[4294967297] Received DOM event beforeunload for about:blank
1537034882470	Marionette	DEBUG	[4294967297] Received DOM event beforeunload for about:blank
1537034882471	Marionette	DEBUG	[4294967297] Received DOM event pagehide for about:blank
1537034882540	Marionette	DEBUG	[4294967297] Received DOM event DOMContentLoaded for about:neterror?e=connectionFailure&u=http%3A//localhost%3A8080/&c=UTF-8&f=regular&d=localhost%3A8080%20%EC%84%9C%EB%B2%84%EC%99%80%20%EC%97%B0%EA%B2%B0%ED%95%A0%20%EC%88%98%20%EC%97%86%EC%8A%B5%EB%8B%88%EB%8B%A4.
2018-09-16 03:08:02.883 plugin-container[34263:17462850] *** CFMessagePort: bootstrap_register(): failed 1100 (0x44c) 'Permission denied', port = 0x933b, name = 'com.apple.tsm.portname'
See /usr/include/servers/bootstrap_defs.h for the error codes.
1537034898345	Marionette	INFO	Stopped listening on port 64291
1537034904528	Marionette	INFO	Stopped listening on port 64076
1537035127834	geckodriver	INFO	geckodriver 0.21.0
1537035127845	geckodriver	INFO	Listening on 127.0.0.1:64367
1537035128859	mozrunner::runner	INFO	Running command: "/Applications/Firefox.app/Contents/MacOS/firefox-bin" "-marionette" "-foreground" "-no-remote" "-profile" "/var/folders/6_/rkcwv33n5czg4ypmstkx_1mr0000gn/T/rust_mozprofile.Btbf9DlSM5fd"
2018-09-16 03:12:10.123 plugin-container[34478:17471656] *** CFMessagePort: bootstrap_register(): failed 1100 (0x44c) 'Permission denied', port = 0x9e37, name = 'com.apple.tsm.portname'
See /usr/include/servers/bootstrap_defs.h for the error codes.
2018-09-16 03:12:10.391 plugin-container[34479:17471683] *** CFMessagePort: bootstrap_register(): failed 1100 (0x44c) 'Permission denied', port = 0x9a37, name = 'com.apple.tsm.portname'
See /usr/include/servers/bootstrap_defs.h for the error codes.
1537035130726	Marionette	INFO	Listening on port 64378
1537035130828	Marionette	WARN	TLS certificate errors will be ignored for this session
1537035130867	Marionette	DEBUG	[4294967297] Frame script loaded
1537035130868	Marionette	DEBUG	[4294967297] Frame script registered
1537035130881	Marionette	DEBUG	[4294967297] Received DOM event beforeunload for about:blank
2018-09-16 03:12:11.090 plugin-container[34480:17471804] *** CFMessagePort: bootstrap_register(): failed 1100 (0x44c) 'Permission denied', port = 0x9337, name = 'com.apple.tsm.portname'
See /usr/include/servers/bootstrap_defs.h for the error codes.
1537035131131	Marionette	DEBUG	[4294967297] Received DOM event beforeunload for about:blank
1537035131132	Marionette	DEBUG	[4294967297] Received DOM event pagehide for about:blank
1537035131220	Marionette	DEBUG	[4294967297] Received DOM event DOMContentLoaded for about:neterror?e=connectionFailure&u=http%3A//localhost%3A8080/&c=UTF-8&f=regular&d=localhost%3A8080%20%EC%84%9C%EB%B2%84%EC%99%80%20%EC%97%B0%EA%B2%B0%ED%95%A0%20%EC%88%98%20%EC%97%86%EC%8A%B5%EB%8B%88%EB%8B%A4.
1537035140078	Marionette	INFO	Stopped listening on port 64378
1537035424495	geckodriver	INFO	geckodriver 0.21.0
1537035424503	geckodriver	INFO	Listening on 127.0.0.1:64469
1537035425513	mozrunner::runner	INFO	Running command: "/Applications/Firefox.app/Contents/MacOS/firefox-bin" "-marionette" "-foreground" "-no-remote" "-profile" "/var/folders/6_/rkcwv33n5czg4ypmstkx_1mr0000gn/T/rust_mozprofile.h83oLq5n4sWj"
2018-09-16 03:17:06.786 plugin-container[34895:17485088] *** CFMessagePort: bootstrap_register(): failed 1100 (0x44c) 'Permission denied', port = 0x9f33, name = 'com.apple.tsm.portname'
See /usr/include/servers/bootstrap_defs.h for the error codes.
2018-09-16 03:17:06.934 plugin-container[34896:17485117] *** CFMessagePort: bootstrap_register(): failed 1100 (0x44c) 'Permission denied', port = 0x9b37, name = 'com.apple.tsm.portname'
See /usr/include/servers/bootstrap_defs.h for the error codes.
1537035427151	Marionette	INFO	Listening on port 64480
1537035427194	Marionette	WARN	TLS certificate errors will be ignored for this session
1537035427234	Marionette	DEBUG	[4294967297] Frame script loaded
1537035427234	Marionette	DEBUG	[4294967297] Frame script registered
1537035427250	Marionette	DEBUG	[4294967297] Received DOM event beforeunload for about:blank
1537035427268	Marionette	DEBUG	[4294967297] Received DOM event beforeunload for about:blank
1537035427270	Marionette	DEBUG	[4294967297] Received DOM event pagehide for about:blank
1537035427362	Marionette	DEBUG	[4294967297] Received DOM event DOMContentLoaded for about:neterror?e=connectionFailure&u=http%3A//localhost%3A8080/&c=UTF-8&f=regular&d=localhost%3A8080%20%EC%84%9C%EB%B2%84%EC%99%80%20%EC%97%B0%EA%B2%B0%ED%95%A0%20%EC%88%98%20%EC%97%86%EC%8A%B5%EB%8B%88%EB%8B%A4.
2018-09-16 03:17:07.740 plugin-container[34903:17485252] *** CFMessagePort: bootstrap_register(): failed 1100 (0x44c) 'Permission denied', port = 0x9437, name = 'com.apple.tsm.portname'
See /usr/include/servers/bootstrap_defs.h for the error codes.
2018-09-16 03:17:14.302 plugin-container[34923:17485485] *** CFMessagePort: bootstrap_register(): failed 1100 (0x44c) 'Permission denied', port = 0x9237, name = 'com.apple.tsm.portname'
See /usr/include/servers/bootstrap_defs.h for the error codes.
1537035439953	Marionette	INFO	Stopped listening on port 64480
1537035514797	geckodriver	INFO	geckodriver 0.21.0
1537035514803	geckodriver	INFO	Listening on 127.0.0.1:64519
1537035515815	mozrunner::runner	INFO	Running command: "/Applications/Firefox.app/Contents/MacOS/firefox-bin" "-marionette" "-foreground" "-no-remote" "-profile" "/var/folders/6_/rkcwv33n5czg4ypmstkx_1mr0000gn/T/rust_mozprofile.xg8YVSqNamAl"
2018-09-16 03:18:37.036 plugin-container[34980:17489384] *** CFMessagePort: bootstrap_register(): failed 1100 (0x44c) 'Permission denied', port = 0x9e33, name = 'com.apple.tsm.portname'
See /usr/include/servers/bootstrap_defs.h for the error codes.
2018-09-16 03:18:37.166 plugin-container[34981:17489411] *** CFMessagePort: bootstrap_register(): failed 1100 (0x44c) 'Permission denied', port = 0x9a37, name = 'com.apple.tsm.portname'
See /usr/include/servers/bootstrap_defs.h for the error codes.
1537035517370	Marionette	INFO	Listening on port 64530
1537035517482	Marionette	WARN	TLS certificate errors will be ignored for this session
1537035517518	Marionette	DEBUG	[4294967297] Frame script loaded
1537035517519	Marionette	DEBUG	[4294967297] Frame script registered
1537035517531	Marionette	DEBUG	[4294967297] Received DOM event beforeunload for about:blank
1537035517540	Marionette	DEBUG	[4294967297] Received DOM event pagehide for about:blank
1537035517573	Marionette	DEBUG	[4294967297] Received DOM event DOMContentLoaded for http://localhost:8000/
1537035517600	Marionette	DEBUG	[4294967297] Received DOM event pageshow for http://localhost:8000/
2018-09-16 03:18:37.953 plugin-container[35007:17489590] *** CFMessagePort: bootstrap_register(): failed 1100 (0x44c) 'Permission denied', port = 0x9237, name = 'com.apple.tsm.portname'
See /usr/include/servers/bootstrap_defs.h for the error codes.
1537035530852	Marionette	INFO	Stopped listening on port 64530
